<?xml version="1.0" encoding="UTF-8"?>
<testsuite name="com.kenzie.caching.goodreads.integration.Phase2Test" tests="2" skipped="0" failures="0" errors="0" timestamp="2023-02-20T05:51:37" hostname="MSI" time="12.223">
  <properties/>
  <testcase name="getGoalProgress_cacheHit_quickAndEntryInCache()" classname="com.kenzie.caching.goodreads.integration.Phase2Test" time="7.023"/>
  <testcase name="getGoalProgress_cacheMiss_takesAWhile()" classname="com.kenzie.caching.goodreads.integration.Phase2Test" time="5.2"/>
  <system-out><![CDATA[]]></system-out>
  <system-err><![CDATA[]]></system-err>
</testsuite>
