<?xml version="1.0" encoding="UTF-8"?>
<testsuite name="com.kenzie.caching.leaderboard.CachingLeaderboardFunctionalTest" tests="1" skipped="0" failures="0" errors="0" timestamp="2023-02-20T00:56:18" hostname="MSI" time="0.114">
  <properties/>
  <testcase name="getScore_UsesCache()" classname="com.kenzie.caching.leaderboard.CachingLeaderboardFunctionalTest" time="0.114"/>
  <system-out><![CDATA[]]></system-out>
  <system-err><![CDATA[SLF4J: Failed to load class "org.slf4j.impl.StaticLoggerBinder".
SLF4J: Defaulting to no-operation (NOP) logger implementation
SLF4J: See http://www.slf4j.org/codes.html#StaticLoggerBinder for further details.
]]></system-err>
</testsuite>
