<?xml version="1.0" encoding="UTF-8"?>
<testsuite name="com.kenzie.caching.leaderboard.CacheClientTest" tests="5" skipped="0" failures="0" errors="0" timestamp="2023-02-20T00:56:16" hostname="MSI" time="1.495">
  <properties/>
  <testcase name="setValue_givenCacheEntry_storesInRedis()" classname="com.kenzie.caching.leaderboard.CacheClientTest" time="1.472"/>
  <testcase name="getValue_cacheMiss_returnsEmptyOptional()" classname="com.kenzie.caching.leaderboard.CacheClientTest" time="0.01"/>
  <testcase name="getValue_nullKey_throwsIllegalArgumentException()" classname="com.kenzie.caching.leaderboard.CacheClientTest" time="0.003"/>
  <testcase name="getValue_cacheHit_getsData()" classname="com.kenzie.caching.leaderboard.CacheClientTest" time="0.004"/>
  <testcase name="setValue_nullKey_throwsIllegalArgumentException()" classname="com.kenzie.caching.leaderboard.CacheClientTest" time="0.002"/>
  <system-out><![CDATA[]]></system-out>
  <system-err><![CDATA[]]></system-err>
</testsuite>
